# JRE version: OpenJDK Runtime Environment Temurin-21.0.6+7 (21.0.6+7) (build 21.0.6+7-LTS)
# Java VM: OpenJDK 64-Bit Server VM Temurin-21.0.6+7 (21.0.6+7-LTS, mixed mode, emulated-client, sharing, tiered, compressed oops, compressed class ptrs, g1 gc, windows-amd64)
GC Precious Log:
 CardTable entry size: 512
 Card Set container configuration: InlinePtr #cards 5 size 8 Array Of Cards #cards 12 size 40 Howl #buckets 4 coarsen threshold 1843 Howl Bitmap #cards 512 size 80 coarsen threshold 460 Card regions per heap region 1 cards per card region 2048
 CPUs: 4 total, 4 available
 Memory: 3830M
 Large Page Support: Disabled
 NUMA Support: Disabled
 Compressed Oops: Enabled (32-bit)
 Heap Region Size: 1M
 Heap Min Capacity: 8M
 Heap Initial Capacity: 60M
 Heap Max Capacity: 958M
 Pre-touch: Disabled
 Parallel Workers: 4
 Concurrent Workers: 1
 Concurrent Refinement Workers: 4
 Periodic GC: Disabled
Heap:
 garbage-first heap   total 51200K, used 26046K [0x00000000c4200000, 0x0000000100000000)
  region size 1024K, 3 young (3072K), 3 survivors (3072K)
 Metaspace       used 51696K, committed 52352K, reserved 1114112K
  class space    used 7268K, committed 7552K, reserved 1048576K
GC Heap History (20 events):
Event: 1.015 GC heap after
{Heap after GC invocations=2 (full 0):
 garbage-first heap   total 61440K, used 8856K [0x00000000c4200000, 0x0000000100000000)
  region size 1024K, 2 young (2048K), 2 survivors (2048K)
 Metaspace       used 7848K, committed 8128K, reserved 1114112K
  class space    used 971K, committed 1152K, reserved 1048576K
}
Event: 1.731 GC heap before
{Heap before GC invocations=2 (full 0):
 garbage-first heap   total 61440K, used 35480K [0x00000000c4200000, 0x0000000100000000)
  region size 1024K, 29 young (29696K), 2 survivors (2048K)
 Metaspace       used 14482K, committed 14848K, reserved 1114112K
  class space    used 1913K, committed 2112K, reserved 1048576K
}
Event: 1.735 GC heap after
{Heap after GC invocations=3 (full 0):
 garbage-first heap   total 61440K, used 10704K [0x00000000c4200000, 0x0000000100000000)
  region size 1024K, 4 young (4096K), 4 survivors (4096K)
 Metaspace       used 14482K, committed 14848K, reserved 1114112K
  class space    used 1913K, committed 2112K, reserved 1048576K
}
Event: 2.798 GC heap before
{Heap before GC invocations=3 (full 0):
 garbage-first heap   total 61440K, used 42448K [0x00000000c4200000, 0x0000000100000000)
  region size 1024K, 36 young (36864K), 4 survivors (4096K)
 Metaspace       used 20663K, committed 21056K, reserved 1114112K
  class space    used 2715K, committed 2880K, reserved 1048576K
}
Event: 2.807 GC heap after
{Heap after GC invocations=4 (full 0):
 garbage-first heap   total 61440K, used 13955K [0x00000000c4200000, 0x0000000100000000)
  region size 1024K, 5 young (5120K), 5 survivors (5120K)
 Metaspace       used 20663K, committed 21056K, reserved 1114112K
  class space    used 2715K, committed 2880K, reserved 1048576K
}
Event: 2.942 GC heap before
{Heap before GC invocations=4 (full 0):
 garbage-first heap   total 61440K, used 20099K [0x00000000c4200000, 0x0000000100000000)
  region size 1024K, 12 young (12288K), 5 survivors (5120K)
 Metaspace       used 21174K, committed 21504K, reserved 1114112K
  class space    used 2794K, committed 2944K, reserved 1048576K
}
Event: 2.947 GC heap after
{Heap after GC invocations=5 (full 0):
 garbage-first heap   total 61440K, used 15360K [0x00000000c4200000, 0x0000000100000000)
  region size 1024K, 1 young (1024K), 1 survivors (1024K)
 Metaspace       used 21174K, committed 21504K, reserved 1114112K
  class space    used 2794K, committed 2944K, reserved 1048576K
}
Event: 3.448 GC heap before
{Heap before GC invocations=6 (full 0):
 garbage-first heap   total 51200K, used 44032K [0x00000000c4200000, 0x0000000100000000)
  region size 1024K, 30 young (30720K), 1 survivors (1024K)
 Metaspace       used 24150K, committed 24576K, reserved 1114112K
  class space    used 3255K, committed 3456K, reserved 1048576K
}
Event: 3.451 GC heap after
{Heap after GC invocations=7 (full 0):
 garbage-first heap   total 51200K, used 17334K [0x00000000c4200000, 0x0000000100000000)
  region size 1024K, 3 young (3072K), 3 survivors (3072K)
 Metaspace       used 24150K, committed 24576K, reserved 1114112K
  class space    used 3255K, committed 3456K, reserved 1048576K
}
Event: 3.837 GC heap before
{Heap before GC invocations=7 (full 0):
 garbage-first heap   total 51200K, used 41910K [0x00000000c4200000, 0x0000000100000000)
  region size 1024K, 27 young (27648K), 3 survivors (3072K)
 Metaspace       used 27885K, committed 28480K, reserved 1114112K
  class space    used 3849K, committed 4096K, reserved 1048576K
}
Event: 3.842 GC heap after
{Heap after GC invocations=8 (full 0):
 garbage-first heap   total 51200K, used 19660K [0x00000000c4200000, 0x0000000100000000)
  region size 1024K, 3 young (3072K), 3 survivors (3072K)
 Metaspace       used 27885K, committed 28480K, reserved 1114112K
  class space    used 3849K, committed 4096K, reserved 1048576K
}
Event: 4.203 GC heap before
{Heap before GC invocations=8 (full 0):
 garbage-first heap   total 51200K, used 42188K [0x00000000c4200000, 0x0000000100000000)
  region size 1024K, 25 young (25600K), 3 survivors (3072K)
 Metaspace       used 30429K, committed 30976K, reserved 1114112K
  class space    used 4165K, committed 4416K, reserved 1048576K
}
Event: 4.207 GC heap after
{Heap after GC invocations=9 (full 0):
 garbage-first heap   total 51200K, used 21209K [0x00000000c4200000, 0x0000000100000000)
  region size 1024K, 2 young (2048K), 2 survivors (2048K)
 Metaspace       used 30429K, committed 30976K, reserved 1114112K
  class space    used 4165K, committed 4416K, reserved 1048576K
}
Event: 4.596 GC heap before
{Heap before GC invocations=9 (full 0):
 garbage-first heap   total 51200K, used 40665K [0x00000000c4200000, 0x0000000100000000)
  region size 1024K, 23 young (23552K), 2 survivors (2048K)
 Metaspace       used 35538K, committed 36096K, reserved 1114112K
  class space    used 4912K, committed 5184K, reserved 1048576K
}
Event: 4.599 GC heap after
{Heap after GC invocations=10 (full 0):
 garbage-first heap   total 51200K, used 22291K [0x00000000c4200000, 0x0000000100000000)
  region size 1024K, 3 young (3072K), 3 survivors (3072K)
 Metaspace       used 35538K, committed 36096K, reserved 1114112K
  class space    used 4912K, committed 5184K, reserved 1048576K
}
Event: 5.145 GC heap before
{Heap before GC invocations=11 (full 0):
 garbage-first heap   total 51200K, used 43795K [0x00000000c4200000, 0x0000000100000000)
  region size 1024K, 25 young (25600K), 3 survivors (3072K)
 Metaspace       used 41550K, committed 42176K, reserved 1114112K
  class space    used 5739K, committed 6016K, reserved 1048576K
}
Event: 5.149 GC heap after
{Heap after GC invocations=12 (full 0):
 garbage-first heap   total 51200K, used 24266K [0x00000000c4200000, 0x0000000100000000)
  region size 1024K, 4 young (4096K), 4 survivors (4096K)
 Metaspace       used 41550K, committed 42176K, reserved 1114112K
  class space    used 5739K, committed 6016K, reserved 1048576K
}
Event: 5.454 GC heap before
{Heap before GC invocations=12 (full 0):
 garbage-first heap   total 51200K, used 42698K [0x00000000c4200000, 0x0000000100000000)
  region size 1024K, 22 young (22528K), 4 survivors (4096K)
 Metaspace       used 45597K, committed 46272K, reserved 1114112K
  class space    used 6287K, committed 6592K, reserved 1048576K
}
Event: 5.459 GC heap after
{Heap after GC invocations=13 (full 0):
 garbage-first heap   total 51200K, used 25382K [0x00000000c4200000, 0x0000000100000000)
  region size 1024K, 2 young (2048K), 2 survivors (2048K)
 Metaspace       used 45597K, committed 46272K, reserved 1114112K
  class space    used 6287K, committed 6592K, reserved 1048576K
}
Event: 5.860 GC heap before
{Heap before GC invocations=13 (full 0):
 garbage-first heap   total 51200K, used 43814K [0x00000000c4200000, 0x0000000100000000)
  region size 1024K, 21 young (21504K), 2 survivors (2048K)
 Metaspace       used 51696K, committed 52352K, reserved 1114112K
  class space    used 7268K, committed 7552K, reserved 1048576K
}

