# JRE version: OpenJDK Runtime Environment Temurin-21.0.6+7 (21.0.6+7) (build 21.0.6+7-LTS)
# Java VM: OpenJDK 64-Bit Server VM Temurin-21.0.6+7 (21.0.6+7-LTS, mixed mode, emulated-client, sharing, tiered, compressed oops, compressed class ptrs, g1 gc, windows-amd64)
GC Precious Log:
 CardTable entry size: 512
 Card Set container configuration: InlinePtr #cards 5 size 8 Array Of Cards #cards 12 size 40 Howl #buckets 4 coarsen threshold 1843 Howl Bitmap #cards 512 size 80 coarsen threshold 460 Card regions per heap region 1 cards per card region 2048
 CPUs: 4 total, 4 available
 Memory: 3830M
 Large Page Support: Disabled
 NUMA Support: Disabled
 Compressed Oops: Enabled (32-bit)
 Heap Region Size: 1M
 Heap Min Capacity: 8M
 Heap Initial Capacity: 60M
 Heap Max Capacity: 958M
 Pre-touch: Disabled
 Parallel Workers: 4
 Concurrent Workers: 1
 Concurrent Refinement Workers: 4
 Periodic GC: Disabled
Heap:
 garbage-first heap   total 61440K, used 22076K [0x00000000c4200000, 0x0000000100000000)
  region size 1024K, 3 young (3072K), 3 survivors (3072K)
 Metaspace       used 35532K, committed 36096K, reserved 1114112K
  class space    used 4908K, committed 5120K, reserved 1048576K
GC Heap History (17 events):
Event: 1.180 GC heap before
{Heap before GC invocations=0 (full 0):
 garbage-first heap   total 61440K, used 14336K [0x00000000c4200000, 0x0000000100000000)
  region size 1024K, 13 young (13312K), 0 survivors (0K)
 Metaspace       used 3799K, committed 3968K, reserved 1114112K
  class space    used 451K, committed 512K, reserved 1048576K
}
Event: 1.190 GC heap after
{Heap after GC invocations=1 (full 0):
 garbage-first heap   total 61440K, used 6990K [0x00000000c4200000, 0x0000000100000000)
  region size 1024K, 2 young (2048K), 2 survivors (2048K)
 Metaspace       used 3799K, committed 3968K, reserved 1114112K
  class space    used 451K, committed 512K, reserved 1048576K
}
Event: 1.764 GC heap before
{Heap before GC invocations=1 (full 0):
 garbage-first heap   total 61440K, used 21326K [0x00000000c4200000, 0x0000000100000000)
  region size 1024K, 16 young (16384K), 2 survivors (2048K)
 Metaspace       used 8099K, committed 8384K, reserved 1114112K
  class space    used 1008K, committed 1152K, reserved 1048576K
}
Event: 1.771 GC heap after
{Heap after GC invocations=2 (full 0):
 garbage-first heap   total 61440K, used 8931K [0x00000000c4200000, 0x0000000100000000)
  region size 1024K, 2 young (2048K), 2 survivors (2048K)
 Metaspace       used 8099K, committed 8384K, reserved 1114112K
  class space    used 1008K, committed 1152K, reserved 1048576K
}
Event: 2.539 GC heap before
{Heap before GC invocations=2 (full 0):
 garbage-first heap   total 61440K, used 33507K [0x00000000c4200000, 0x0000000100000000)
  region size 1024K, 27 young (27648K), 2 survivors (2048K)
 Metaspace       used 13999K, committed 14336K, reserved 1114112K
  class space    used 1853K, committed 2048K, reserved 1048576K
}
Event: 2.545 GC heap after
{Heap after GC invocations=3 (full 0):
 garbage-first heap   total 61440K, used 10808K [0x00000000c4200000, 0x0000000100000000)
  region size 1024K, 4 young (4096K), 4 survivors (4096K)
 Metaspace       used 13999K, committed 14336K, reserved 1114112K
  class space    used 1853K, committed 2048K, reserved 1048576K
}
Event: 3.215 GC heap before
{Heap before GC invocations=3 (full 0):
 garbage-first heap   total 61440K, used 42552K [0x00000000c4200000, 0x0000000100000000)
  region size 1024K, 36 young (36864K), 4 survivors (4096K)
 Metaspace       used 20443K, committed 20864K, reserved 1114112K
  class space    used 2681K, committed 2880K, reserved 1048576K
}
Event: 3.228 GC heap after
{Heap after GC invocations=4 (full 0):
 garbage-first heap   total 61440K, used 14099K [0x00000000c4200000, 0x0000000100000000)
  region size 1024K, 5 young (5120K), 5 survivors (5120K)
 Metaspace       used 20443K, committed 20864K, reserved 1114112K
  class space    used 2681K, committed 2880K, reserved 1048576K
}
Event: 3.482 GC heap before
{Heap before GC invocations=4 (full 0):
 garbage-first heap   total 61440K, used 22291K [0x00000000c4200000, 0x0000000100000000)
  region size 1024K, 14 young (14336K), 5 survivors (5120K)
 Metaspace       used 21165K, committed 21504K, reserved 1114112K
  class space    used 2789K, committed 2944K, reserved 1048576K
}
Event: 3.490 GC heap after
{Heap after GC invocations=5 (full 0):
 garbage-first heap   total 61440K, used 15347K [0x00000000c4200000, 0x0000000100000000)
  region size 1024K, 2 young (2048K), 2 survivors (2048K)
 Metaspace       used 21165K, committed 21504K, reserved 1114112K
  class space    used 2789K, committed 2944K, reserved 1048576K
}
Event: 4.482 GC heap before
{Heap before GC invocations=6 (full 0):
 garbage-first heap   total 55296K, used 46067K [0x00000000c4200000, 0x0000000100000000)
  region size 1024K, 32 young (32768K), 2 survivors (2048K)
 Metaspace       used 24227K, committed 24640K, reserved 1114112K
  class space    used 3268K, committed 3456K, reserved 1048576K
}
Event: 4.487 GC heap after
{Heap after GC invocations=7 (full 0):
 garbage-first heap   total 55296K, used 17565K [0x00000000c4200000, 0x0000000100000000)
  region size 1024K, 4 young (4096K), 4 survivors (4096K)
 Metaspace       used 24227K, committed 24640K, reserved 1114112K
  class space    used 3268K, committed 3456K, reserved 1048576K
}
Event: 5.280 GC heap before
{Heap before GC invocations=7 (full 0):
 garbage-first heap   total 55296K, used 44189K [0x00000000c4200000, 0x0000000100000000)
  region size 1024K, 30 young (30720K), 4 survivors (4096K)
 Metaspace       used 28143K, committed 28736K, reserved 1114112K
  class space    used 3903K, committed 4160K, reserved 1048576K
}
Event: 5.293 GC heap after
{Heap after GC invocations=8 (full 0):
 garbage-first heap   total 55296K, used 19673K [0x00000000c4200000, 0x0000000100000000)
  region size 1024K, 3 young (3072K), 3 survivors (3072K)
 Metaspace       used 28143K, committed 28736K, reserved 1114112K
  class space    used 3903K, committed 4160K, reserved 1048576K
}
Event: 6.157 GC heap before
{Heap before GC invocations=8 (full 0):
 garbage-first heap   total 55296K, used 44249K [0x00000000c4200000, 0x0000000100000000)
  region size 1024K, 28 young (28672K), 3 survivors (3072K)
 Metaspace       used 31619K, committed 32192K, reserved 1114112K
  class space    used 4313K, committed 4544K, reserved 1048576K
}
Event: 6.171 GC heap after
{Heap after GC invocations=9 (full 0):
 garbage-first heap   total 55296K, used 21279K [0x00000000c4200000, 0x0000000100000000)
  region size 1024K, 2 young (2048K), 2 survivors (2048K)
 Metaspace       used 31619K, committed 32192K, reserved 1114112K
  class space    used 4313K, committed 4544K, reserved 1048576K
}
Event: 6.751 GC heap before
{Heap before GC invocations=9 (full 0):
 garbage-first heap   total 55296K, used 34591K [0x00000000c4200000, 0x0000000100000000)
  region size 1024K, 17 young (17408K), 2 survivors (2048K)
 Metaspace       used 35532K, committed 36096K, reserved 1114112K
  class space    used 4908K, committed 5120K, reserved 1048576K
}

