# JRE version: OpenJDK Runtime Environment Temurin-21.0.6+7 (21.0.6+7) (build 21.0.6+7-LTS)
# Java VM: OpenJDK 64-Bit Server VM Temurin-21.0.6+7 (21.0.6+7-LTS, mixed mode, emulated-client, sharing, tiered, compressed oops, compressed class ptrs, g1 gc, windows-amd64)
GC Precious Log:
 CardTable entry size: 512
 Card Set container configuration: InlinePtr #cards 5 size 8 Array Of Cards #cards 12 size 40 Howl #buckets 4 coarsen threshold 1843 Howl Bitmap #cards 512 size 80 coarsen threshold 460 Card regions per heap region 1 cards per card region 2048
 CPUs: 4 total, 4 available
 Memory: 3830M
 Large Page Support: Disabled
 NUMA Support: Disabled
 Compressed Oops: Enabled (32-bit)
 Heap Region Size: 1M
 Heap Min Capacity: 8M
 Heap Initial Capacity: 60M
 Heap Max Capacity: 958M
 Pre-touch: Disabled
 Parallel Workers: 4
 Concurrent Workers: 1
 Concurrent Refinement Workers: 4
 Periodic GC: Disabled
Heap:
 garbage-first heap   total 55296K, used 28283K [0x00000000c4200000, 0x0000000100000000)
  region size 1024K, 11 young (11264K), 2 survivors (2048K)
 Metaspace       used 32830K, committed 33344K, reserved 1114112K
  class space    used 4497K, committed 4736K, reserved 1048576K
GC Heap History (16 events):
Event: 3.095 GC heap before
{Heap before GC invocations=0 (full 0):
 garbage-first heap   total 61440K, used 14336K [0x00000000c4200000, 0x0000000100000000)
  region size 1024K, 13 young (13312K), 0 survivors (0K)
 Metaspace       used 3799K, committed 3968K, reserved 1114112K
  class space    used 451K, committed 512K, reserved 1048576K
}
Event: 3.112 GC heap after
{Heap after GC invocations=1 (full 0):
 garbage-first heap   total 61440K, used 7028K [0x00000000c4200000, 0x0000000100000000)
  region size 1024K, 2 young (2048K), 2 survivors (2048K)
 Metaspace       used 3799K, committed 3968K, reserved 1114112K
  class space    used 451K, committed 512K, reserved 1048576K
}
Event: 4.144 GC heap before
{Heap before GC invocations=1 (full 0):
 garbage-first heap   total 61440K, used 21364K [0x00000000c4200000, 0x0000000100000000)
  region size 1024K, 16 young (16384K), 2 survivors (2048K)
 Metaspace       used 8118K, committed 8448K, reserved 1114112K
  class space    used 1012K, committed 1152K, reserved 1048576K
}
Event: 4.152 GC heap after
{Heap after GC invocations=2 (full 0):
 garbage-first heap   total 61440K, used 8999K [0x00000000c4200000, 0x0000000100000000)
  region size 1024K, 2 young (2048K), 2 survivors (2048K)
 Metaspace       used 8118K, committed 8448K, reserved 1114112K
  class space    used 1012K, committed 1152K, reserved 1048576K
}
Event: 5.659 GC heap before
{Heap before GC invocations=2 (full 0):
 garbage-first heap   total 61440K, used 34599K [0x00000000c4200000, 0x0000000100000000)
  region size 1024K, 28 young (28672K), 2 survivors (2048K)
 Metaspace       used 14345K, committed 14656K, reserved 1114112K
  class space    used 1890K, committed 2048K, reserved 1048576K
}
Event: 5.683 GC heap after
{Heap after GC invocations=3 (full 0):
 garbage-first heap   total 61440K, used 10814K [0x00000000c4200000, 0x0000000100000000)
  region size 1024K, 4 young (4096K), 4 survivors (4096K)
 Metaspace       used 14345K, committed 14656K, reserved 1114112K
  class space    used 1890K, committed 2048K, reserved 1048576K
}
Event: 7.908 GC heap before
{Heap before GC invocations=3 (full 0):
 garbage-first heap   total 61440K, used 42558K [0x00000000c4200000, 0x0000000100000000)
  region size 1024K, 36 young (36864K), 4 survivors (4096K)
 Metaspace       used 20654K, committed 21056K, reserved 1114112K
  class space    used 2716K, committed 2880K, reserved 1048576K
}
Event: 7.926 GC heap after
{Heap after GC invocations=4 (full 0):
 garbage-first heap   total 61440K, used 13825K [0x00000000c4200000, 0x0000000100000000)
  region size 1024K, 5 young (5120K), 5 survivors (5120K)
 Metaspace       used 20654K, committed 21056K, reserved 1114112K
  class space    used 2716K, committed 2880K, reserved 1048576K
}
Event: 8.593 GC heap before
{Heap before GC invocations=4 (full 0):
 garbage-first heap   total 61440K, used 20993K [0x00000000c4200000, 0x0000000100000000)
  region size 1024K, 13 young (13312K), 5 survivors (5120K)
 Metaspace       used 21171K, committed 21504K, reserved 1114112K
  class space    used 2795K, committed 2944K, reserved 1048576K
}
Event: 8.602 GC heap after
{Heap after GC invocations=5 (full 0):
 garbage-first heap   total 61440K, used 15510K [0x00000000c4200000, 0x0000000100000000)
  region size 1024K, 2 young (2048K), 2 survivors (2048K)
 Metaspace       used 21171K, committed 21504K, reserved 1114112K
  class space    used 2795K, committed 2944K, reserved 1048576K
}
Event: 9.939 GC heap before
{Heap before GC invocations=6 (full 0):
 garbage-first heap   total 55296K, used 44182K [0x00000000c4200000, 0x0000000100000000)
  region size 1024K, 30 young (30720K), 2 survivors (2048K)
 Metaspace       used 24078K, committed 24448K, reserved 1114112K
  class space    used 3243K, committed 3392K, reserved 1048576K
}
Event: 9.944 GC heap after
{Heap after GC invocations=7 (full 0):
 garbage-first heap   total 55296K, used 17120K [0x00000000c4200000, 0x0000000100000000)
  region size 1024K, 3 young (3072K), 3 survivors (3072K)
 Metaspace       used 24078K, committed 24448K, reserved 1114112K
  class space    used 3243K, committed 3392K, reserved 1048576K
}
Event: 12.190 GC heap before
{Heap before GC invocations=7 (full 0):
 garbage-first heap   total 55296K, used 43744K [0x00000000c4200000, 0x0000000100000000)
  region size 1024K, 29 young (29696K), 3 survivors (3072K)
 Metaspace       used 28000K, committed 28544K, reserved 1114112K
  class space    used 3880K, committed 4096K, reserved 1048576K
}
Event: 12.197 GC heap after
{Heap after GC invocations=8 (full 0):
 garbage-first heap   total 55296K, used 19532K [0x00000000c4200000, 0x0000000100000000)
  region size 1024K, 3 young (3072K), 3 survivors (3072K)
 Metaspace       used 28000K, committed 28544K, reserved 1114112K
  class space    used 3880K, committed 4096K, reserved 1048576K
}
Event: 12.751 GC heap before
{Heap before GC invocations=8 (full 0):
 garbage-first heap   total 55296K, used 43084K [0x00000000c4200000, 0x0000000100000000)
  region size 1024K, 27 young (27648K), 3 survivors (3072K)
 Metaspace       used 30665K, committed 31232K, reserved 1114112K
  class space    used 4217K, committed 4480K, reserved 1048576K
}
Event: 12.756 GC heap after
{Heap after GC invocations=9 (full 0):
 garbage-first heap   total 55296K, used 21115K [0x00000000c4200000, 0x0000000100000000)
  region size 1024K, 2 young (2048K), 2 survivors (2048K)
 Metaspace       used 30665K, committed 31232K, reserved 1114112K
  class space    used 4217K, committed 4480K, reserved 1048576K
}

